JvmtiExport can_access_local_variables 0
JvmtiExport can_hotswap_or_post_breakpoint 0
JvmtiExport can_post_on_exceptions 0
# 635 ciObject found
ciMethod java/lang/Object <init> ()V 4097 1 466329 0 96
ciMethod java/lang/Object hashCode ()I 5121 1 640 0 -1
ciMethod java/lang/Object equals (Ljava/lang/Object;)Z 849 1 27722 0 64
ciMethod java/lang/Object clone ()Ljava/lang/Object; 3073 1 384 0 -1
ciMethod java/lang/String <init> ([CII)V 4097 1 5739 0 704
ciMethod java/lang/String <init> ([BIILjava/lang/String;)V 2049 1 6432 0 -1
ciMethod java/lang/String <init> ([CZ)V 4097 1 12534 0 0
ciMethod java/lang/String length ()I 4097 1 230317 0 64
ciMethod java/lang/String getChars ([CI)V 2065 1 5426 0 0
ciMethod java/lang/String equals (Ljava/lang/Object;)Z 4097 19225 5790 0 -1
ciMethod java/lang/String equalsIgnoreCase (Ljava/lang/String;)Z 2057 1 14137 0 1760
ciMethod java/lang/String regionMatches (ZILjava/lang/String;II)Z 1785 593 6681 0 0
ciMethod java/lang/String startsWith (Ljava/lang/String;)Z 4097 1 71246 0 -1
ciMethod java/lang/String endsWith (Ljava/lang/String;)Z 4097 1 34305 0 -1
ciMethod java/lang/String hashCode ()I 2801 32769 3304 0 288
ciMethod java/lang/String lastIndexOf (I)I 4097 1 29834 0 288
ciMethod java/lang/String lastIndexOf (II)I 1705 139265 911 0 288
ciMethod java/lang/String lastIndexOfSupplementary (II)I 0 0 1 0 -1
ciMethod java/lang/String substring (I)Ljava/lang/String; 1353 1 5307 0 -1
ciMethod java/lang/String substring (II)Ljava/lang/String; 4097 1 5796 0 992
ciMethod java/lang/String concat (Ljava/lang/String;)Ljava/lang/String; 2057 1 5420 0 896
ciMethod java/lang/String replace (CC)Ljava/lang/String; 1665 131073 1065 0 1120
ciMethod java/lang/String toUpperCase (Ljava/util/Locale;)Ljava/lang/String; 289 5737 978 0 -1
ciMethod java/lang/String toCharArray ()[C 4097 1 15152 0 256
ciMethod java/lang/ClassLoader defineClass (Ljava/lang/String;[BIILjava/security/ProtectionDomain;)Ljava/lang/Class; 2569 1 6659 0 -1
ciMethod java/lang/ClassLoader definePackage (Ljava/lang/String;Ljava/lang/String;Ljava/lang/String;Ljava/lang/String;Ljava/lang/String;Ljava/lang/String;Ljava/lang/String;Ljava/net/URL;)Ljava/lang/Package; 169 1 382 0 0
ciMethod java/lang/ClassLoader getPackage (Ljava/lang/String;)Ljava/lang/Package; 2049 1 5049 0 0
ciMethod java/lang/System nanoTime ()J 4097 1 512 0 -1
ciMethod java/lang/System arraycopy (Ljava/lang/Object;ILjava/lang/Object;II)V 90113 1 11264 0 -1
ciMethod java/lang/Throwable printStackTrace ()V 0 0 1 0 -1
ciMethod java/lang/Throwable addSuppressed (Ljava/lang/Throwable;)V 0 0 1 0 -1
ciMethod java/security/SecureClassLoader defineClass (Ljava/lang/String;[BIILjava/security/CodeSource;)Ljava/lang/Class; 2569 1 6659 0 14720
ciMethod java/security/SecureClassLoader defineClass (Ljava/lang/String;Ljava/nio/ByteBuffer;Ljava/security/CodeSource;)Ljava/lang/Class; 0 0 1 0 -1
ciMethod java/security/SecureClassLoader getProtectionDomain (Ljava/security/CodeSource;)Ljava/security/ProtectionDomain; 2569 1 6545 0 -1
ciMethod java/lang/ref/Reference get ()Ljava/lang/Object; 7169 1 896 0 -1
ciMethod java/lang/ref/Reference <init> (Ljava/lang/Object;)V 1001 1 5467 0 0
ciMethod java/lang/ref/Reference <init> (Ljava/lang/Object;Ljava/lang/ref/ReferenceQueue;)V 4097 1 19551 0 0
ciMethod java/lang/ref/SoftReference <init> (Ljava/lang/Object;)V 937 1 1346 0 0
ciMethod java/lang/ref/SoftReference get ()Ljava/lang/Object; 3073 1 19209 0 96
ciMethod java/lang/ref/WeakReference <init> (Ljava/lang/Object;Ljava/lang/ref/ReferenceQueue;)V 2049 1 8177 0 96
ciMethod java/lang/Thread currentThread ()Ljava/lang/Thread; 3073 1 384 0 -1
ciMethod java/lang/Thread interrupt ()V 0 0 6 0 0
ciMethod java/lang/Thread interrupted ()Z 3081 1 4462 0 0
ciMethod java/lang/Thread isInterrupted (Z)Z 3073 1 384 0 -1
ciMethod java/lang/Thread checkAccess ()V 2057 1 281 0 -1
ciMethod java/lang/Thread interrupt0 ()V 49 1 6 0 -1
ciMethod java/util/Map get (Ljava/lang/Object;)Ljava/lang/Object; 0 0 1 0 -1
ciMethod java/util/Map put (Ljava/lang/Object;Ljava/lang/Object;)Ljava/lang/Object; 0 0 1 0 -1
ciMethod java/util/Map remove (Ljava/lang/Object;)Ljava/lang/Object; 0 0 1 0 -1
ciMethod java/util/Hashtable <init> (IF)V 2049 1 360 0 0
ciMethod java/util/Hashtable <init> (I)V 497 1 61 0 0
ciMethod java/util/Hashtable <init> ()V 1649 1 299 0 0
ciMethod java/util/Hashtable get (Ljava/lang/Object;)Ljava/lang/Object; 3161 529 5609 0 -1
ciMethod java/util/Dictionary <init> ()V 2049 1 362 0 0
ciMethod java/lang/StringBuilder <init> ()V 4097 1 29399 0 -1
ciMethod java/lang/StringBuilder append (Ljava/lang/String;)Ljava/lang/StringBuilder; 4097 1 68165 0 -1
ciMethod java/lang/StringBuilder toString ()Ljava/lang/String; 4097 1 32814 0 -1
ciMethod java/io/ByteArrayInputStream <init> ([B)V 33 1 1549 0 0
ciMethod java/io/InputStream <init> ()V 4097 1 25700 0 0
ciMethod java/io/InputStream read ([BII)I 0 0 1 0 -1
ciMethod java/io/InputStream close ()V 0 0 1 0 -1
ciMethod java/io/File length ()J 217 1 27 0 -1
ciMethod java/net/URLClassLoader getAndVerifyPackage (Ljava/lang/String;Ljava/util/jar/Manifest;Ljava/net/URL;)Ljava/lang/Package; 3073 1 3979 0 0
ciMethod java/net/URLClassLoader definePackageInternal (Ljava/lang/String;Ljava/util/jar/Manifest;Ljava/net/URL;)V 2569 1 3979 0 0
ciMethod java/net/URLClassLoader defineClass (Ljava/lang/String;Lsun/misc/Resource;)Ljava/lang/Class; 1553 1 3976 0 0
ciMethod java/net/URLClassLoader definePackage (Ljava/lang/String;Ljava/util/jar/Manifest;Ljava/net/URL;)Ljava/lang/Package; 161 1 382 0 0
ciMethod java/net/URLClassLoader isSealed (Ljava/lang/String;Ljava/util/jar/Manifest;)Z 2049 1 3741 0 0
ciMethod java/net/URLClassLoader access$000 (Ljava/net/URLClassLoader;)Lsun/misc/URLClassPath; 1025 1 128 0 0
ciMethod java/net/URLClassLoader access$100 (Ljava/net/URLClassLoader;Ljava/lang/String;Lsun/misc/Resource;)Ljava/lang/Class; 1553 1 3976 0 0
ciMethod java/util/jar/Manifest <init> (Ljava/io/InputStream;)V 33 1 48 0 0
ciMethod java/util/jar/Manifest getMainAttributes ()Ljava/util/jar/Attributes; 1041 1 130 0 0
ciMethod java/util/jar/Manifest getEntries ()Ljava/util/Map; 1033 1 129 0 0
ciMethod java/util/jar/Manifest getAttributes (Ljava/lang/String;)Ljava/util/jar/Attributes; 2161 1 4733 0 0
ciMethod java/util/jar/Manifest read (Ljava/io/InputStream;)V 33 9 78 0 -1
ciMethod java/util/jar/Manifest parseName ([BI)Ljava/lang/String; 4033 1 541 0 -1
ciMethod java/security/CodeSource <init> (Ljava/net/URL;[Ljava/security/CodeSigner;)V 2569 1 7490 0 320
ciMethod java/nio/Buffer position ()I 3097 1 387 0 -1
ciMethod java/lang/Character isSurrogate (C)Z 2905 1 219449 0 -1
ciMethod java/lang/Character toLowerCase (C)C 4097 1 18509 0 320
ciMethod java/lang/Character toLowerCase (I)I 4097 1 37824 0 320
ciMethod java/lang/Character toUpperCase (C)C 2577 1 15946 0 0
ciMethod java/lang/Character toUpperCase (I)I 2817 1 15945 0 0
ciMethod java/lang/Float isNaN (F)Z 3073 1 2441 0 0
ciMethod java/lang/Float floatToRawIntBits (F)I 17 1 2 0 -1
ciMethod java/lang/NullPointerException <init> ()V 0 0 3 0 -1
ciMethod java/util/Comparator compare (Ljava/lang/Object;Ljava/lang/Object;)I 0 0 1 0 -1
ciMethod java/security/AccessController doPrivileged (Ljava/security/PrivilegedAction;)Ljava/lang/Object; 2049 1 256 0 -1
ciMethod java/util/AbstractList <init> ()V 1353 1 22925 0 32
ciMethod java/util/AbstractCollection <init> ()V 3185 1 30032 0 32
ciMethod java/util/ArrayList <init> ()V 185 1 5925 0 64
ciMethod java/util/AbstractMap <init> ()V 2361 1 8843 0 32
ciMethod java/lang/ref/ReferenceQueue poll ()Ljava/lang/ref/Reference; 4097 1 10456 0 -1
ciMethod java/util/HashMap hash (Ljava/lang/Object;)I 4097 1 32769 0 160
ciMethod java/util/HashMap tableSizeFor (I)I 2057 1 1938 0 -1
ciMethod java/util/HashMap <init> (IF)V 145 1 1682 0 0
ciMethod java/util/HashMap <init> (I)V 145 1 1585 0 0
ciMethod java/util/HashMap <init> ()V 489 1 5378 0 32
ciMethod java/util/HashMap get (Ljava/lang/Object;)Ljava/lang/Object; 4097 1 10863 0 576
ciMethod java/util/HashMap getNode (ILjava/lang/Object;)Ljava/util/HashMap$Node; 4097 137 10752 0 544
ciMethod java/util/HashMap put (Ljava/lang/Object;Ljava/lang/Object;)Ljava/lang/Object; 4097 1 5666 0 224
ciMethod java/util/HashMap putVal (ILjava/lang/Object;Ljava/lang/Object;ZZ)Ljava/lang/Object; 4097 649 10908 0 1952
ciMethod java/util/HashMap resize ()[Ljava/util/HashMap$Node; 473 14801 2214 0 -1
ciMethod java/util/HashMap treeifyBin ([Ljava/util/HashMap$Node;I)V 0 0 1 0 -1
ciMethod java/util/HashMap newNode (ILjava/lang/Object;Ljava/lang/Object;Ljava/util/HashMap$Node;)Ljava/util/HashMap$Node; 4097 1 6061 0 224
ciMethod java/util/HashMap afterNodeAccess (Ljava/util/HashMap$Node;)V 2049 1 1297 0 0
ciMethod java/util/HashMap afterNodeInsertion (Z)V 4097 1 1561 0 0
ciMethod java/util/HashMap$Node <init> (ILjava/lang/Object;Ljava/lang/Object;Ljava/util/HashMap$Node;)V 4097 1 8111 0 0
ciMethod java/lang/Math max (II)I 4097 1 51186 0 -1
ciMethod java/lang/Math min (II)I 4097 1 121906 0 -1
ciMethod java/lang/Math min (FF)F 2049 1 717 0 0
ciMethod java/nio/charset/Charset newEncoder ()Ljava/nio/charset/CharsetEncoder; 0 0 1 0 -1
ciMethod java/util/WeakHashMap newTable (I)[Ljava/util/WeakHashMap$Entry; 2073 1 316 0 -1
ciMethod java/util/WeakHashMap maskNull (Ljava/lang/Object;)Ljava/lang/Object; 4097 1 18161 0 0
ciMethod java/util/WeakHashMap eq (Ljava/lang/Object;Ljava/lang/Object;)Z 1617 1 10584 0 0
ciMethod java/util/WeakHashMap hash (Ljava/lang/Object;)I 4097 1 17899 0 192
ciMethod java/util/WeakHashMap indexFor (II)I 4097 1 17890 0 0
ciMethod java/util/WeakHashMap expungeStaleEntries ()V 4097 1 5641 0 2368
ciMethod java/util/WeakHashMap getTable ()[Ljava/util/WeakHashMap$Entry; 4097 1 17884 0 64
ciMethod java/util/WeakHashMap put (Ljava/lang/Object;Ljava/lang/Object;)Ljava/lang/Object; 2049 17 5383 0 1056
ciMethod java/util/WeakHashMap resize (I)V 0 0 27 0 0
ciMethod java/util/WeakHashMap transfer ([Ljava/util/WeakHashMap$Entry;[Ljava/util/WeakHashMap$Entry;)V 217 15233 27 0 -1
ciMethod java/util/Arrays copyOf ([BI)[B 4097 1 31245 0 480
ciMethod java/util/Arrays copyOf ([CI)[C 4097 1 18904 0 0
ciMethod java/util/Arrays copyOfRange ([CII)[C 4097 1 5633 0 512
ciMethod sun/misc/ASCIICaseInsensitiveComparator lowerCaseHashCode (Ljava/lang/String;)I 337 5113 1062 0 -1
ciMethodData java/lang/String length ()I 2 230317 orig 264 88 50 155 83 0 0 0 0 24 60 73 25 0 0 0 0 32 1 0 0 0 0 0 0 0 0 0 0 0 0 0 0 0 0 0 0 0 0 0 0 0 0 0 0 0 0 0 0 0 0 0 0 0 0 0 0 0 0 0 0 0 0 0 0 0 0 0 0 0 0 0 0 0 0 0 0 0 0 0 0 77 68 79 32 101 120 116 114 97 32 100 97 116 97 32 108 111 99 107 0 0 0 0 0 0 0 0 0 0 0 0 0 0 0 0 0 0 0 0 0 0 0 0 0 0 0 0 0 0 0 0 0 0 0 0 0 0 0 0 0 0 0 0 0 0 0 0 0 0 0 0 0 0 0 0 0 0 0 0 0 0 0 0 0 0 0 0 0 0 0 0 0 0 0 0 0 0 0 0 0 0 0 0 0 1 0 0 0 0 0 0 0 0 0 0 0 0 0 0 0 1 0 0 0 0 0 0 0 0 0 0 0 0 0 0 0 0 2 0 0 105 13 28 0 1 0 0 0 0 0 0 0 0 0 0 0 2 0 0 0 0 0 0 0 0 0 0 0 0 0 0 0 255 255 255 255 0 0 0 0 0 0 0 0 data 0 oops 0
ciMethodData java/lang/Object <init> ()V 2 466334 orig 264 88 50 155 83 0 0 0 0 128 4 73 25 0 0 0 0 32 1 0 0 0 0 0 0 0 0 0 0 0 0 0 0 0 0 0 0 0 0 0 0 0 0 0 0 0 0 0 0 0 0 0 0 0 0 0 0 0 0 0 0 0 0 0 0 0 0 0 0 0 0 0 0 0 0 0 0 0 0 0 0 77 68 79 32 101 120 116 114 97 32 100 97 116 97 32 108 111 99 107 0 0 0 0 0 0 0 0 0 0 0 0 0 0 0 0 0 0 0 0 0 0 0 0 0 0 0 0 0 0 0 0 0 0 0 0 0 0 0 0 0 0 0 0 0 0 0 0 0 0 0 0 0 0 0 0 0 0 0 0 0 0 0 0 0 0 0 0 0 0 0 0 0 0 0 0 0 0 0 0 0 0 0 0 0 1 0 0 0 0 0 0 0 1 0 0 0 0 0 0 0 1 0 0 0 0 0 0 0 0 0 0 0 0 0 0 0 0 2 0 0 241 220 56 0 1 0 0 0 0 0 0 0 0 0 0 0 2 0 0 0 0 0 0 0 0 0 0 0 0 0 0 0 255 255 255 255 0 0 0 0 0 0 0 0 data 0 oops 0
ciMethod java/io/FileInputStream <init> (Ljava/io/File;)V 121 1 33 1 -1
ciMethod java/io/OutputStream <init> ()V 2057 1 10853 0 0
ciMethod java/io/FilterInputStream <init> (Ljava/io/InputStream;)V 2049 1 11028 0 128
ciMethod sun/nio/cs/UTF_8 newEncoder ()Ljava/nio/charset/CharsetEncoder; 2049 1 414 0 0
ciMethod sun/nio/cs/ArrayEncoder encode ([CII[B)I 0 0 1 0 -1
ciMethod sun/nio/cs/UTF_8$Encoder encode ([CII[B)I 1641 49153 2009 0 -1
ciMethod sun/nio/cs/UTF_8$Encoder <init> (Ljava/nio/charset/Charset;Lsun/nio/cs/UTF_8$1;)V 2049 1 413 0 -1
ciMethod java/nio/charset/CharsetEncoder malformedInputAction ()Ljava/nio/charset/CodingErrorAction; 0 0 1 0 -1
ciMethod java/nio/charset/CharsetEncoder onMalformedInput (Ljava/nio/charset/CodingErrorAction;)Ljava/nio/charset/CharsetEncoder; 1609 1 12412 0 0
ciMethod java/nio/charset/CharsetEncoder implOnMalformedInput (Ljava/nio/charset/CodingErrorAction;)V 1609 1 12412 0 -1
ciMethod java/nio/charset/CharsetEncoder onUnmappableCharacter (Ljava/nio/charset/CodingErrorAction;)Ljava/nio/charset/CharsetEncoder; 1609 1 12411 0 0
ciMethod java/nio/charset/CharsetEncoder implOnUnmappableCharacter (Ljava/nio/charset/CodingErrorAction;)V 1609 1 12411 0 -1
ciMethod java/nio/charset/CharsetEncoder maxBytesPerChar ()F 4097 1 11949 0 0
ciMethod java/nio/charset/CharsetEncoder encode (Ljava/nio/CharBuffer;Ljava/nio/ByteBuffer;Z)Ljava/nio/charset/CoderResult; 1 1 5431 0 -1
ciMethod java/nio/charset/CharsetEncoder flush (Ljava/nio/ByteBuffer;)Ljava/nio/charset/CoderResult; 1 1 5120 0 -1
ciMethod java/nio/charset/CharsetEncoder reset ()Ljava/nio/charset/CharsetEncoder; 4097 1 12755 0 32
ciMethod java/nio/charset/CharsetEncoder implReset ()V 4097 1 13405 0 0
ciMethod java/nio/ByteBuffer wrap ([B)Ljava/nio/ByteBuffer; 17 1 5050 0 -1
ciMethod java/nio/CharBuffer wrap ([C)Ljava/nio/CharBuffer; 1 1 5957 0 -1
ciMethod java/nio/charset/CoderResult isUnderflow ()Z 1249 1 41975 0 -1
ciMethod java/lang/IllegalArgumentException <init> (Ljava/lang/String;)V 0 0 10 0 -1
ciMethod sun/security/util/Debug println (Ljava/lang/String;)V 0 0 1 0 -1
ciMethod java/util/WeakHashMap$Entry <init> (Ljava/lang/Object;Ljava/lang/Object;Ljava/lang/ref/ReferenceQueue;ILjava/util/WeakHashMap$Entry;)V 2049 1 5161 0 0
ciMethod java/lang/CharacterData toLowerCase (I)I 0 0 1 0 -1
ciMethod java/lang/CharacterData toUpperCase (I)I 0 0 1 0 -1
ciMethod java/lang/CharacterData of (I)Ljava/lang/CharacterData; 4097 1 24461 0 0
ciMethod java/lang/CharacterDataLatin1 getProperties (I)I 4097 1 51545 0 -1
ciMethod java/lang/CharacterDataLatin1 toLowerCase (I)I 4097 1 22144 0 160
ciMethod java/lang/CharacterDataLatin1 toUpperCase (I)I 3937 1 5616 0 160
ciMethod java/util/HashMap$TreeNode getTreeNode (ILjava/lang/Object;)Ljava/util/HashMap$TreeNode; 0 0 1 0 -1
ciMethod java/util/HashMap$TreeNode putTreeVal (Ljava/util/HashMap;[Ljava/util/HashMap$Node;ILjava/lang/Object;Ljava/lang/Object;)Ljava/util/HashMap$TreeNode; 0 0 1 0 -1
ciMethod java/util/HashMap$TreeNode split (Ljava/util/HashMap;[Ljava/util/HashMap$Node;II)V 0 0 1 0 -1
ciMethodData java/lang/Character toLowerCase (I)I 2 37824 orig 264 88 50 155 83 0 0 0 0 176 163 82 25 0 0 0 0 136 1 0 0 0 0 0 0 0 0 0 0 0 0 0 0 0 0 0 0 0 0 0 0 0 0 0 0 0 0 0 0 0 0 0 0 0 0 0 0 0 0 0 0 0 0 0 0 0 0 0 0 0 0 0 0 0 0 0 0 0 0 0 0 77 68 79 32 101 120 116 114 97 32 100 97 116 97 32 108 111 99 107 0 0 0 0 0 0 0 0 0 0 0 0 0 0 0 0 0 0 0 0 0 0 0 0 0 0 0 0 0 0 0 0 0 0 0 0 0 0 0 0 0 0 0 0 0 1 0 0 0 0 0 0 0 0 0 0 0 0 0 0 0 0 0 0 0 0 0 0 0 0 0 0 0 0 0 0 0 0 0 0 0 0 0 0 0 0 0 0 0 0 0 0 0 0 0 0 0 0 0 0 0 0 0 0 0 0 0 0 0 0 0 0 0 0 0 0 0 0 2 0 0 1 142 4 0 1 0 0 0 0 0 0 0 0 0 0 0 2 0 0 0 0 0 0 0 0 0 0 0 64 0 0 0 255 255 255 255 2 0 1 0 0 0 0 0 data 8 0x10002 0x91c0 0x50005 0x0 0x1ca5e8b0 0x91c0 0x0 0x0 oops 1